0 info it worked if it ends with ok
1 verbose cli [ '/usr/bin/nodejs', '/usr/bin/npm', 'prune' ]
2 info using npm@3.5.2
3 info using node@v4.2.6
4 verbose unbuild node_modules/dialog
5 verbose unbuild node_modules/escodegen
6 verbose unbuild node_modules/esprima
7 verbose unbuild node_modules/latest-version
8 verbose unbuild node_modules/mkdirp
9 verbose unbuild node_modules/nodemon
10 verbose unbuild node_modules/nopt
11 verbose unbuild node_modules/repeating
12 verbose unbuild node_modules/semver
13 verbose unbuild node_modules/touch
14 verbose unbuild node_modules/uuid
15 verbose unbuild node_modules/rc
16 verbose unbuild node_modules/sshpk
17 info lifecycle dialog@0.2.0~preuninstall: dialog@0.2.0
18 info lifecycle escodegen@1.8.1~preuninstall: escodegen@1.8.1
19 info lifecycle esprima@2.7.3~preuninstall: esprima@2.7.3
20 info lifecycle latest-version@1.0.1~preuninstall: latest-version@1.0.1
21 info lifecycle mkdirp@0.5.1~preuninstall: mkdirp@0.5.1
22 info lifecycle nopt@1.0.10~preuninstall: nopt@1.0.10
23 info lifecycle nodemon@1.11.0~preuninstall: nodemon@1.11.0
24 info lifecycle repeating@1.1.3~preuninstall: repeating@1.1.3
25 info lifecycle semver@5.3.0~preuninstall: semver@5.3.0
26 info lifecycle touch@1.0.0~preuninstall: touch@1.0.0
27 info lifecycle uuid@3.0.1~preuninstall: uuid@3.0.1
28 info lifecycle rc@1.2.1~preuninstall: rc@1.2.1
29 info lifecycle sshpk@1.13.0~preuninstall: sshpk@1.13.0
30 silly lifecycle dialog@0.2.0~preuninstall: no script for preuninstall, continuing
31 silly lifecycle escodegen@1.8.1~preuninstall: no script for preuninstall, continuing
32 silly lifecycle latest-version@1.0.1~preuninstall: no script for preuninstall, continuing
33 silly lifecycle esprima@2.7.3~preuninstall: no script for preuninstall, continuing
34 silly lifecycle nopt@1.0.10~preuninstall: no script for preuninstall, continuing
35 silly lifecycle mkdirp@0.5.1~preuninstall: no script for preuninstall, continuing
36 silly lifecycle nodemon@1.11.0~preuninstall: no script for preuninstall, continuing
37 silly lifecycle repeating@1.1.3~preuninstall: no script for preuninstall, continuing
38 silly lifecycle semver@5.3.0~preuninstall: no script for preuninstall, continuing
39 silly lifecycle touch@1.0.0~preuninstall: no script for preuninstall, continuing
40 silly lifecycle uuid@3.0.1~preuninstall: no script for preuninstall, continuing
41 silly lifecycle rc@1.2.1~preuninstall: no script for preuninstall, continuing
42 silly lifecycle sshpk@1.13.0~preuninstall: no script for preuninstall, continuing
43 info lifecycle dialog@0.2.0~uninstall: dialog@0.2.0
44 info lifecycle escodegen@1.8.1~uninstall: escodegen@1.8.1
45 info lifecycle latest-version@1.0.1~uninstall: latest-version@1.0.1
46 info lifecycle esprima@2.7.3~uninstall: esprima@2.7.3
47 info lifecycle nopt@1.0.10~uninstall: nopt@1.0.10
48 info lifecycle mkdirp@0.5.1~uninstall: mkdirp@0.5.1
49 info lifecycle nodemon@1.11.0~uninstall: nodemon@1.11.0
50 info lifecycle repeating@1.1.3~uninstall: repeating@1.1.3
51 info lifecycle semver@5.3.0~uninstall: semver@5.3.0
52 info lifecycle touch@1.0.0~uninstall: touch@1.0.0
53 info lifecycle uuid@3.0.1~uninstall: uuid@3.0.1
54 info lifecycle rc@1.2.1~uninstall: rc@1.2.1
55 info lifecycle sshpk@1.13.0~uninstall: sshpk@1.13.0
56 silly lifecycle dialog@0.2.0~uninstall: no script for uninstall, continuing
57 silly lifecycle escodegen@1.8.1~uninstall: no script for uninstall, continuing
58 silly lifecycle latest-version@1.0.1~uninstall: no script for uninstall, continuing
59 silly lifecycle esprima@2.7.3~uninstall: no script for uninstall, continuing
60 silly lifecycle nopt@1.0.10~uninstall: no script for uninstall, continuing
61 silly lifecycle nodemon@1.11.0~uninstall: no script for uninstall, continuing
62 silly lifecycle mkdirp@0.5.1~uninstall: no script for uninstall, continuing
63 silly lifecycle repeating@1.1.3~uninstall: no script for uninstall, continuing
64 silly lifecycle semver@5.3.0~uninstall: no script for uninstall, continuing
65 silly lifecycle touch@1.0.0~uninstall: no script for uninstall, continuing
66 silly lifecycle uuid@3.0.1~uninstall: no script for uninstall, continuing
67 silly lifecycle rc@1.2.1~uninstall: no script for uninstall, continuing
68 silly lifecycle sshpk@1.13.0~uninstall: no script for uninstall, continuing
69 verbose unbuild rmStuff dialog@0.2.0 from /home/john/git/arkad-search/node_modules
70 silly gentlyRm /home/john/git/arkad-search/node_modules/.bin/show_dialog is being gently removed from base /home/john/git/arkad-search/node_modules/dialog
71 verbose unbuild rmStuff escodegen@1.8.1 from /home/john/git/arkad-search/node_modules
72 silly gentlyRm /home/john/git/arkad-search/node_modules/.bin/escodegen is being gently removed from base /home/john/git/arkad-search/node_modules/escodegen
73 silly gentlyRm /home/john/git/arkad-search/node_modules/.bin/esgenerate is being gently removed from base /home/john/git/arkad-search/node_modules/escodegen
74 verbose unbuild rmStuff latest-version@1.0.1 from /home/john/git/arkad-search/node_modules
75 silly gentlyRm /home/john/git/arkad-search/node_modules/.bin/latest-version is being gently removed from base /home/john/git/arkad-search/node_modules/latest-version
76 verbose unbuild rmStuff esprima@2.7.3 from /home/john/git/arkad-search/node_modules
77 silly gentlyRm /home/john/git/arkad-search/node_modules/.bin/esparse is being gently removed from base /home/john/git/arkad-search/node_modules/esprima
78 silly gentlyRm /home/john/git/arkad-search/node_modules/.bin/esvalidate is being gently removed from base /home/john/git/arkad-search/node_modules/esprima
79 verbose unbuild rmStuff nopt@1.0.10 from /home/john/git/arkad-search/node_modules
80 silly gentlyRm /home/john/git/arkad-search/node_modules/.bin/nopt is being gently removed from base /home/john/git/arkad-search/node_modules/nopt
81 verbose unbuild rmStuff nodemon@1.11.0 from /home/john/git/arkad-search/node_modules
82 silly gentlyRm /home/john/git/arkad-search/node_modules/.bin/nodemon is being gently removed from base /home/john/git/arkad-search/node_modules/nodemon
83 verbose unbuild rmStuff mkdirp@0.5.1 from /home/john/git/arkad-search/node_modules
84 silly gentlyRm /home/john/git/arkad-search/node_modules/.bin/mkdirp is being gently removed from base /home/john/git/arkad-search/node_modules/mkdirp
85 verbose unbuild rmStuff repeating@1.1.3 from /home/john/git/arkad-search/node_modules
86 silly gentlyRm /home/john/git/arkad-search/node_modules/.bin/repeating is being gently removed from base /home/john/git/arkad-search/node_modules/repeating
87 verbose unbuild rmStuff semver@5.3.0 from /home/john/git/arkad-search/node_modules
88 silly gentlyRm /home/john/git/arkad-search/node_modules/.bin/semver is being gently removed from base /home/john/git/arkad-search/node_modules/semver
89 verbose unbuild rmStuff touch@1.0.0 from /home/john/git/arkad-search/node_modules
90 silly gentlyRm /home/john/git/arkad-search/node_modules/.bin/touch is being gently removed from base /home/john/git/arkad-search/node_modules/touch
91 verbose unbuild rmStuff uuid@3.0.1 from /home/john/git/arkad-search/node_modules
92 silly gentlyRm /home/john/git/arkad-search/node_modules/.bin/uuid is being gently removed from base /home/john/git/arkad-search/node_modules/uuid
93 verbose unbuild rmStuff rc@1.2.1 from /home/john/git/arkad-search/node_modules
94 silly gentlyRm /home/john/git/arkad-search/node_modules/.bin/rc is being gently removed from base /home/john/git/arkad-search/node_modules/rc
95 verbose unbuild rmStuff sshpk@1.13.0 from /home/john/git/arkad-search/node_modules
96 silly gentlyRm /home/john/git/arkad-search/node_modules/.bin/sshpk-conv is being gently removed from base /home/john/git/arkad-search/node_modules/sshpk
97 silly gentlyRm /home/john/git/arkad-search/node_modules/.bin/sshpk-sign is being gently removed from base /home/john/git/arkad-search/node_modules/sshpk
98 silly gentlyRm /home/john/git/arkad-search/node_modules/.bin/sshpk-verify is being gently removed from base /home/john/git/arkad-search/node_modules/sshpk
99 silly isEverInside /home/john/git/arkad-search/node_modules/.bin/show_dialog is not inside /home/john/git/arkad-search/node_modules/dialog
100 silly gentlyRm parent.path = /home/john/git/arkad-search/node_modules/dialog
101 silly gentlyRm parent.managed = false
102 silly gentlyRm target.path =  /home/john/git/arkad-search/node_modules/.bin/show_dialog
103 silly gentlyRm target.symlink = ../dialog/bin/dialog.js
104 silly gentlyRm target.managed = false
105 silly gentlyRm target.inParent =  { target: '/home/john/git/arkad-search/node_modules/dialog/bin/dialog.js',
105 silly gentlyRm   path: '/home/john/git/arkad-search/node_modules/dialog' }
106 verbose gentlyRm /home/john/git/arkad-search/node_modules/dialog is not contained in any diretory npm is known to control or any place they link to
107 silly isEverInside /home/john/git/arkad-search/node_modules/.bin/escodegen is not inside /home/john/git/arkad-search/node_modules/escodegen
108 silly gentlyRm parent.path = /home/john/git/arkad-search/node_modules/escodegen
109 silly gentlyRm parent.managed = false
110 silly gentlyRm target.path =  /home/john/git/arkad-search/node_modules/.bin/escodegen
111 silly gentlyRm target.symlink = ../escodegen/bin/escodegen.js
112 silly gentlyRm target.managed = false
113 silly gentlyRm target.inParent =  { target: '/home/john/git/arkad-search/node_modules/escodegen/bin/escodegen.js',
113 silly gentlyRm   path: '/home/john/git/arkad-search/node_modules/escodegen' }
114 verbose gentlyRm /home/john/git/arkad-search/node_modules/escodegen is not contained in any diretory npm is known to control or any place they link to
115 silly isEverInside /home/john/git/arkad-search/node_modules/.bin/latest-version is not inside /home/john/git/arkad-search/node_modules/latest-version
116 silly gentlyRm parent.path = /home/john/git/arkad-search/node_modules/latest-version
117 silly gentlyRm parent.managed = false
118 silly gentlyRm target.path =  /home/john/git/arkad-search/node_modules/.bin/latest-version
119 silly gentlyRm target.symlink = ../latest-version/cli.js
120 silly gentlyRm target.managed = false
121 silly gentlyRm target.inParent =  { target: '/home/john/git/arkad-search/node_modules/latest-version/cli.js',
121 silly gentlyRm   path: '/home/john/git/arkad-search/node_modules/latest-version' }
122 verbose gentlyRm /home/john/git/arkad-search/node_modules/latest-version is not contained in any diretory npm is known to control or any place they link to
123 silly isEverInside /home/john/git/arkad-search/node_modules/.bin/esparse is not inside /home/john/git/arkad-search/node_modules/esprima
124 silly gentlyRm parent.path = /home/john/git/arkad-search/node_modules/esprima
125 silly gentlyRm parent.managed = false
126 silly gentlyRm target.path =  /home/john/git/arkad-search/node_modules/.bin/esparse
127 silly gentlyRm target.symlink = ../esprima/bin/esparse.js
128 silly gentlyRm target.managed = false
129 silly gentlyRm target.inParent =  { target: '/home/john/git/arkad-search/node_modules/esprima/bin/esparse.js',
129 silly gentlyRm   path: '/home/john/git/arkad-search/node_modules/esprima' }
130 verbose gentlyRm /home/john/git/arkad-search/node_modules/esprima is not contained in any diretory npm is known to control or any place they link to
131 silly isEverInside /home/john/git/arkad-search/node_modules/.bin/nopt is not inside /home/john/git/arkad-search/node_modules/nopt
132 silly gentlyRm parent.path = /home/john/git/arkad-search/node_modules/nopt
133 silly gentlyRm parent.managed = false
134 silly gentlyRm target.path =  /home/john/git/arkad-search/node_modules/.bin/nopt
135 silly gentlyRm target.symlink = ../nopt/bin/nopt.js
136 silly gentlyRm target.managed = false
137 silly gentlyRm target.inParent =  { target: '/home/john/git/arkad-search/node_modules/nopt/bin/nopt.js',
137 silly gentlyRm   path: '/home/john/git/arkad-search/node_modules/nopt' }
138 verbose gentlyRm /home/john/git/arkad-search/node_modules/nopt is not contained in any diretory npm is known to control or any place they link to
139 silly isEverInside /home/john/git/arkad-search/node_modules/.bin/esgenerate is not inside /home/john/git/arkad-search/node_modules/escodegen
140 silly gentlyRm parent.path = /home/john/git/arkad-search/node_modules/escodegen
141 silly gentlyRm parent.managed = false
142 silly gentlyRm target.path =  /home/john/git/arkad-search/node_modules/.bin/esgenerate
143 silly gentlyRm target.symlink = ../escodegen/bin/esgenerate.js
144 silly gentlyRm target.managed = false
145 silly gentlyRm target.inParent =  { target: '/home/john/git/arkad-search/node_modules/escodegen/bin/esgenerate.js',
145 silly gentlyRm   path: '/home/john/git/arkad-search/node_modules/escodegen' }
146 verbose gentlyRm /home/john/git/arkad-search/node_modules/escodegen is not contained in any diretory npm is known to control or any place they link to
147 silly isEverInside /home/john/git/arkad-search/node_modules/.bin/esvalidate is not inside /home/john/git/arkad-search/node_modules/esprima
148 silly gentlyRm parent.path = /home/john/git/arkad-search/node_modules/esprima
149 silly gentlyRm parent.managed = false
150 silly gentlyRm target.path =  /home/john/git/arkad-search/node_modules/.bin/esvalidate
151 silly gentlyRm target.symlink = ../esprima/bin/esvalidate.js
152 silly gentlyRm target.managed = false
153 silly gentlyRm target.inParent =  { target: '/home/john/git/arkad-search/node_modules/esprima/bin/esvalidate.js',
153 silly gentlyRm   path: '/home/john/git/arkad-search/node_modules/esprima' }
154 verbose gentlyRm /home/john/git/arkad-search/node_modules/esprima is not contained in any diretory npm is known to control or any place they link to
155 silly isEverInside /home/john/git/arkad-search/node_modules/.bin/nodemon is not inside /home/john/git/arkad-search/node_modules/nodemon
156 silly gentlyRm parent.path = /home/john/git/arkad-search/node_modules/nodemon
157 silly gentlyRm parent.managed = false
158 silly gentlyRm target.path =  /home/john/git/arkad-search/node_modules/.bin/nodemon
159 silly gentlyRm target.symlink = ../nodemon/bin/nodemon.js
160 silly gentlyRm target.managed = false
161 silly gentlyRm target.inParent =  { target: '/home/john/git/arkad-search/node_modules/nodemon/bin/nodemon.js',
161 silly gentlyRm   path: '/home/john/git/arkad-search/node_modules/nodemon' }
162 verbose gentlyRm /home/john/git/arkad-search/node_modules/nodemon is not contained in any diretory npm is known to control or any place they link to
163 silly isEverInside /home/john/git/arkad-search/node_modules/.bin/repeating is not inside /home/john/git/arkad-search/node_modules/repeating
164 silly gentlyRm parent.path = /home/john/git/arkad-search/node_modules/repeating
165 silly gentlyRm parent.managed = false
166 silly gentlyRm target.path =  /home/john/git/arkad-search/node_modules/.bin/repeating
167 silly gentlyRm target.symlink = ../repeating/cli.js
168 silly gentlyRm target.managed = false
169 silly gentlyRm target.inParent =  { target: '/home/john/git/arkad-search/node_modules/repeating/cli.js',
169 silly gentlyRm   path: '/home/john/git/arkad-search/node_modules/repeating' }
170 verbose gentlyRm /home/john/git/arkad-search/node_modules/repeating is not contained in any diretory npm is known to control or any place they link to
171 silly isEverInside /home/john/git/arkad-search/node_modules/.bin/semver is not inside /home/john/git/arkad-search/node_modules/semver
172 silly gentlyRm parent.path = /home/john/git/arkad-search/node_modules/semver
173 silly gentlyRm parent.managed = false
174 silly gentlyRm target.path =  /home/john/git/arkad-search/node_modules/.bin/semver
175 silly gentlyRm target.symlink = ../semver/bin/semver
176 silly gentlyRm target.managed = false
177 silly gentlyRm target.inParent =  { target: '/home/john/git/arkad-search/node_modules/semver/bin/semver',
177 silly gentlyRm   path: '/home/john/git/arkad-search/node_modules/semver' }
178 verbose gentlyRm /home/john/git/arkad-search/node_modules/semver is not contained in any diretory npm is known to control or any place they link to
179 silly isEverInside /home/john/git/arkad-search/node_modules/.bin/mkdirp is not inside /home/john/git/arkad-search/node_modules/mkdirp
180 silly gentlyRm parent.path = /home/john/git/arkad-search/node_modules/mkdirp
181 silly gentlyRm parent.managed = false
182 silly gentlyRm target.path =  /home/john/git/arkad-search/node_modules/.bin/mkdirp
183 silly gentlyRm target.symlink = ../mkdirp/bin/cmd.js
184 silly gentlyRm target.managed = false
185 silly gentlyRm target.inParent =  { target: '/home/john/git/arkad-search/node_modules/mkdirp/bin/cmd.js',
185 silly gentlyRm   path: '/home/john/git/arkad-search/node_modules/mkdirp' }
186 verbose gentlyRm /home/john/git/arkad-search/node_modules/mkdirp is not contained in any diretory npm is known to control or any place they link to
187 silly isEverInside /home/john/git/arkad-search/node_modules/.bin/touch is not inside /home/john/git/arkad-search/node_modules/touch
188 silly gentlyRm parent.path = /home/john/git/arkad-search/node_modules/touch
189 silly gentlyRm parent.managed = false
190 silly gentlyRm target.path =  /home/john/git/arkad-search/node_modules/.bin/touch
191 silly gentlyRm target.symlink = ../touch/bin/touch.js
192 silly gentlyRm target.managed = false
193 silly gentlyRm target.inParent =  { target: '/home/john/git/arkad-search/node_modules/touch/bin/touch.js',
193 silly gentlyRm   path: '/home/john/git/arkad-search/node_modules/touch' }
194 verbose gentlyRm /home/john/git/arkad-search/node_modules/touch is not contained in any diretory npm is known to control or any place they link to
195 silly isEverInside /home/john/git/arkad-search/node_modules/.bin/uuid is not inside /home/john/git/arkad-search/node_modules/uuid
196 silly gentlyRm parent.path = /home/john/git/arkad-search/node_modules/uuid
197 silly gentlyRm parent.managed = false
198 silly gentlyRm target.path =  /home/john/git/arkad-search/node_modules/.bin/uuid
199 silly gentlyRm target.symlink = ../uuid/bin/uuid
200 silly gentlyRm target.managed = false
201 silly gentlyRm target.inParent =  { target: '/home/john/git/arkad-search/node_modules/uuid/bin/uuid',
201 silly gentlyRm   path: '/home/john/git/arkad-search/node_modules/uuid' }
202 verbose gentlyRm /home/john/git/arkad-search/node_modules/uuid is not contained in any diretory npm is known to control or any place they link to
203 silly isEverInside /home/john/git/arkad-search/node_modules/.bin/rc is not inside /home/john/git/arkad-search/node_modules/rc
204 silly gentlyRm parent.path = /home/john/git/arkad-search/node_modules/rc
205 silly gentlyRm parent.managed = false
206 silly gentlyRm target.path =  /home/john/git/arkad-search/node_modules/.bin/rc
207 silly gentlyRm target.symlink = ../rc/index.js
208 silly gentlyRm target.managed = false
209 silly gentlyRm target.inParent =  { target: '/home/john/git/arkad-search/node_modules/rc/index.js',
209 silly gentlyRm   path: '/home/john/git/arkad-search/node_modules/rc' }
210 verbose gentlyRm /home/john/git/arkad-search/node_modules/rc is not contained in any diretory npm is known to control or any place they link to
211 silly isEverInside /home/john/git/arkad-search/node_modules/.bin/sshpk-conv is not inside /home/john/git/arkad-search/node_modules/sshpk
212 silly gentlyRm parent.path = /home/john/git/arkad-search/node_modules/sshpk
213 silly gentlyRm parent.managed = false
214 silly gentlyRm target.path =  /home/john/git/arkad-search/node_modules/.bin/sshpk-conv
215 silly gentlyRm target.symlink = ../sshpk/bin/sshpk-conv
216 silly gentlyRm target.managed = false
217 silly gentlyRm target.inParent =  { target: '/home/john/git/arkad-search/node_modules/sshpk/bin/sshpk-conv',
217 silly gentlyRm   path: '/home/john/git/arkad-search/node_modules/sshpk' }
218 verbose gentlyRm /home/john/git/arkad-search/node_modules/sshpk is not contained in any diretory npm is known to control or any place they link to
219 silly isEverInside /home/john/git/arkad-search/node_modules/.bin/sshpk-sign is not inside /home/john/git/arkad-search/node_modules/sshpk
220 silly gentlyRm parent.path = /home/john/git/arkad-search/node_modules/sshpk
221 silly gentlyRm parent.managed = false
222 silly gentlyRm target.path =  /home/john/git/arkad-search/node_modules/.bin/sshpk-sign
223 silly gentlyRm target.symlink = ../sshpk/bin/sshpk-sign
224 silly gentlyRm target.managed = false
225 silly gentlyRm target.inParent =  { target: '/home/john/git/arkad-search/node_modules/sshpk/bin/sshpk-sign',
225 silly gentlyRm   path: '/home/john/git/arkad-search/node_modules/sshpk' }
226 verbose gentlyRm /home/john/git/arkad-search/node_modules/sshpk is not contained in any diretory npm is known to control or any place they link to
227 silly isEverInside /home/john/git/arkad-search/node_modules/.bin/sshpk-verify is not inside /home/john/git/arkad-search/node_modules/sshpk
228 silly gentlyRm parent.path = /home/john/git/arkad-search/node_modules/sshpk
229 silly gentlyRm parent.managed = false
230 silly gentlyRm target.path =  /home/john/git/arkad-search/node_modules/.bin/sshpk-verify
231 silly gentlyRm target.symlink = ../sshpk/bin/sshpk-verify
232 silly gentlyRm target.managed = false
233 silly gentlyRm target.inParent =  { target: '/home/john/git/arkad-search/node_modules/sshpk/bin/sshpk-verify',
233 silly gentlyRm   path: '/home/john/git/arkad-search/node_modules/sshpk' }
234 verbose gentlyRm /home/john/git/arkad-search/node_modules/sshpk is not contained in any diretory npm is known to control or any place they link to
235 verbose stack Error: Refusing to delete /home/john/git/arkad-search/node_modules/.bin/show_dialog: containing path /home/john/git/arkad-search/node_modules/dialog isn't under npm's control
235 verbose stack     at clobberFail (/usr/share/npm/lib/utils/gently-rm.js:162:12)
235 verbose stack     at isSafeToRm (/usr/share/npm/lib/utils/gently-rm.js:122:15)
235 verbose stack     at /usr/share/npm/lib/utils/gently-rm.js:93:5
235 verbose stack     at LOOP (/usr/share/npm/node_modules/slide/lib/chain.js:7:26)
235 verbose stack     at /usr/share/npm/node_modules/slide/lib/chain.js:18:7
235 verbose stack     at /usr/share/npm/lib/utils/gently-rm.js:179:7
235 verbose stack     at /usr/share/npm/node_modules/iferr/index.js:13:50
235 verbose stack     at _readAllLinks (/usr/share/npm/lib/utils/gently-rm.js:214:28)
235 verbose stack     at /usr/share/npm/node_modules/iferr/index.js:13:50
235 verbose stack     at /usr/share/npm/lib/utils/gently-rm.js:233:12
236 verbose cwd /home/john/git/arkad-search
237 error Linux 4.4.0-93-generic
238 error argv "/usr/bin/nodejs" "/usr/bin/npm" "prune"
239 error node v4.2.6
240 error npm  v3.5.2
241 error path /home/john/git/arkad-search/node_modules/.bin/show_dialog
242 error code EEXIST
243 error Refusing to delete /home/john/git/arkad-search/node_modules/.bin/show_dialog: containing path /home/john/git/arkad-search/node_modules/dialog isn't under npm's control
244 error File exists: /home/john/git/arkad-search/node_modules/.bin/show_dialog
245 error Move it away, and try again.
246 verbose exit [ 1, true ]
